running egg_info
creating ../../build/gesture_processor_node/gesture_processor_node.egg-info
writing ../../build/gesture_processor_node/gesture_processor_node.egg-info/PKG-INFO
writing dependency_links to ../../build/gesture_processor_node/gesture_processor_node.egg-info/dependency_links.txt
writing entry points to ../../build/gesture_processor_node/gesture_processor_node.egg-info/entry_points.txt
writing requirements to ../../build/gesture_processor_node/gesture_processor_node.egg-info/requires.txt
writing top-level names to ../../build/gesture_processor_node/gesture_processor_node.egg-info/top_level.txt
writing manifest file '../../build/gesture_processor_node/gesture_processor_node.egg-info/SOURCES.txt'
reading manifest file '../../build/gesture_processor_node/gesture_processor_node.egg-info/SOURCES.txt'
writing manifest file '../../build/gesture_processor_node/gesture_processor_node.egg-info/SOURCES.txt'
running build
running build_py
creating /home/rick/Documents/MyProject/assembly_assist_ws/build/gesture_processor_node/build
creating /home/rick/Documents/MyProject/assembly_assist_ws/build/gesture_processor_node/build/lib
creating /home/rick/Documents/MyProject/assembly_assist_ws/build/gesture_processor_node/build/lib/gesture_processor_node
copying gesture_processor_node/gesture_processor_node.py -> /home/rick/Documents/MyProject/assembly_assist_ws/build/gesture_processor_node/build/lib/gesture_processor_node
copying gesture_processor_node/__init__.py -> /home/rick/Documents/MyProject/assembly_assist_ws/build/gesture_processor_node/build/lib/gesture_processor_node
running install
running install_lib
creating /home/rick/Documents/MyProject/assembly_assist_ws/install/gesture_processor_node/lib/python3.10/site-packages/gesture_processor_node
copying /home/rick/Documents/MyProject/assembly_assist_ws/build/gesture_processor_node/build/lib/gesture_processor_node/gesture_processor_node.py -> /home/rick/Documents/MyProject/assembly_assist_ws/install/gesture_processor_node/lib/python3.10/site-packages/gesture_processor_node
copying /home/rick/Documents/MyProject/assembly_assist_ws/build/gesture_processor_node/build/lib/gesture_processor_node/__init__.py -> /home/rick/Documents/MyProject/assembly_assist_ws/install/gesture_processor_node/lib/python3.10/site-packages/gesture_processor_node
byte-compiling /home/rick/Documents/MyProject/assembly_assist_ws/install/gesture_processor_node/lib/python3.10/site-packages/gesture_processor_node/gesture_processor_node.py to gesture_processor_node.cpython-310.pyc
byte-compiling /home/rick/Documents/MyProject/assembly_assist_ws/install/gesture_processor_node/lib/python3.10/site-packages/gesture_processor_node/__init__.py to __init__.cpython-310.pyc
running install_data
creating /home/rick/Documents/MyProject/assembly_assist_ws/install/gesture_processor_node/share/ament_index
creating /home/rick/Documents/MyProject/assembly_assist_ws/install/gesture_processor_node/share/ament_index/resource_index
creating /home/rick/Documents/MyProject/assembly_assist_ws/install/gesture_processor_node/share/ament_index/resource_index/packages
copying resource/gesture_processor_node -> /home/rick/Documents/MyProject/assembly_assist_ws/install/gesture_processor_node/share/ament_index/resource_index/packages
copying package.xml -> /home/rick/Documents/MyProject/assembly_assist_ws/install/gesture_processor_node/share/gesture_processor_node
running install_egg_info
Copying ../../build/gesture_processor_node/gesture_processor_node.egg-info to /home/rick/Documents/MyProject/assembly_assist_ws/install/gesture_processor_node/lib/python3.10/site-packages/gesture_processor_node-0.0.1-py3.10.egg-info
running install_scripts
Installing gesture_processor_node script to /home/rick/Documents/MyProject/assembly_assist_ws/install/gesture_processor_node/lib/gesture_processor_node
writing list of installed files to '/home/rick/Documents/MyProject/assembly_assist_ws/build/gesture_processor_node/install.log'
