[0.479s] Invoking command in '/home/rick/Documents/MyProject/assembly_assist_ws/src/gesture_processor_node': PYTHONPATH=/home/rick/Documents/MyProject/assembly_assist_ws/build/gesture_processor_node/prefix_override:/usr/lib/python3/dist-packages/colcon_core/task/python/colcon_distutils_commands:/home/rick/Documents/MyProject/assembly_assist_ws/install/gesture_processor_node/lib/python3.10/site-packages:${PYTHONPATH} /usr/bin/python3 -W ignore:setup.py install is deprecated -W ignore:easy_install command is deprecated setup.py egg_info --egg-base ../../build/gesture_processor_node build --build-base /home/rick/Documents/MyProject/assembly_assist_ws/build/gesture_processor_node/build install --record /home/rick/Documents/MyProject/assembly_assist_ws/build/gesture_processor_node/install.log --single-version-externally-managed install_data
[0.669s] running egg_info
[0.669s] creating ../../build/gesture_processor_node/gesture_processor_node.egg-info
[0.669s] writing ../../build/gesture_processor_node/gesture_processor_node.egg-info/PKG-INFO
[0.669s] writing dependency_links to ../../build/gesture_processor_node/gesture_processor_node.egg-info/dependency_links.txt
[0.670s] writing entry points to ../../build/gesture_processor_node/gesture_processor_node.egg-info/entry_points.txt
[0.670s] writing requirements to ../../build/gesture_processor_node/gesture_processor_node.egg-info/requires.txt
[0.670s] writing top-level names to ../../build/gesture_processor_node/gesture_processor_node.egg-info/top_level.txt
[0.670s] writing manifest file '../../build/gesture_processor_node/gesture_processor_node.egg-info/SOURCES.txt'
[0.671s] reading manifest file '../../build/gesture_processor_node/gesture_processor_node.egg-info/SOURCES.txt'
[0.671s] writing manifest file '../../build/gesture_processor_node/gesture_processor_node.egg-info/SOURCES.txt'
[0.672s] running build
[0.672s] running build_py
[0.672s] creating /home/rick/Documents/MyProject/assembly_assist_ws/build/gesture_processor_node/build
[0.672s] creating /home/rick/Documents/MyProject/assembly_assist_ws/build/gesture_processor_node/build/lib
[0.672s] creating /home/rick/Documents/MyProject/assembly_assist_ws/build/gesture_processor_node/build/lib/gesture_processor_node
[0.672s] copying gesture_processor_node/gesture_processor_node.py -> /home/rick/Documents/MyProject/assembly_assist_ws/build/gesture_processor_node/build/lib/gesture_processor_node
[0.672s] copying gesture_processor_node/__init__.py -> /home/rick/Documents/MyProject/assembly_assist_ws/build/gesture_processor_node/build/lib/gesture_processor_node
[0.672s] running install
[0.672s] running install_lib
[0.673s] creating /home/rick/Documents/MyProject/assembly_assist_ws/install/gesture_processor_node/lib/python3.10/site-packages/gesture_processor_node
[0.673s] copying /home/rick/Documents/MyProject/assembly_assist_ws/build/gesture_processor_node/build/lib/gesture_processor_node/gesture_processor_node.py -> /home/rick/Documents/MyProject/assembly_assist_ws/install/gesture_processor_node/lib/python3.10/site-packages/gesture_processor_node
[0.673s] copying /home/rick/Documents/MyProject/assembly_assist_ws/build/gesture_processor_node/build/lib/gesture_processor_node/__init__.py -> /home/rick/Documents/MyProject/assembly_assist_ws/install/gesture_processor_node/lib/python3.10/site-packages/gesture_processor_node
[0.673s] byte-compiling /home/rick/Documents/MyProject/assembly_assist_ws/install/gesture_processor_node/lib/python3.10/site-packages/gesture_processor_node/gesture_processor_node.py to gesture_processor_node.cpython-310.pyc
[0.674s] byte-compiling /home/rick/Documents/MyProject/assembly_assist_ws/install/gesture_processor_node/lib/python3.10/site-packages/gesture_processor_node/__init__.py to __init__.cpython-310.pyc
[0.674s] running install_data
[0.674s] creating /home/rick/Documents/MyProject/assembly_assist_ws/install/gesture_processor_node/share/ament_index
[0.674s] creating /home/rick/Documents/MyProject/assembly_assist_ws/install/gesture_processor_node/share/ament_index/resource_index
[0.674s] creating /home/rick/Documents/MyProject/assembly_assist_ws/install/gesture_processor_node/share/ament_index/resource_index/packages
[0.674s] copying resource/gesture_processor_node -> /home/rick/Documents/MyProject/assembly_assist_ws/install/gesture_processor_node/share/ament_index/resource_index/packages
[0.674s] copying package.xml -> /home/rick/Documents/MyProject/assembly_assist_ws/install/gesture_processor_node/share/gesture_processor_node
[0.674s] running install_egg_info
[0.675s] Copying ../../build/gesture_processor_node/gesture_processor_node.egg-info to /home/rick/Documents/MyProject/assembly_assist_ws/install/gesture_processor_node/lib/python3.10/site-packages/gesture_processor_node-0.0.1-py3.10.egg-info
[0.676s] running install_scripts
[0.691s] Installing gesture_processor_node script to /home/rick/Documents/MyProject/assembly_assist_ws/install/gesture_processor_node/lib/gesture_processor_node
[0.692s] writing list of installed files to '/home/rick/Documents/MyProject/assembly_assist_ws/build/gesture_processor_node/install.log'
[0.713s] Invoked command in '/home/rick/Documents/MyProject/assembly_assist_ws/src/gesture_processor_node' returned '0': PYTHONPATH=/home/rick/Documents/MyProject/assembly_assist_ws/build/gesture_processor_node/prefix_override:/usr/lib/python3/dist-packages/colcon_core/task/python/colcon_distutils_commands:/home/rick/Documents/MyProject/assembly_assist_ws/install/gesture_processor_node/lib/python3.10/site-packages:${PYTHONPATH} /usr/bin/python3 -W ignore:setup.py install is deprecated -W ignore:easy_install command is deprecated setup.py egg_info --egg-base ../../build/gesture_processor_node build --build-base /home/rick/Documents/MyProject/assembly_assist_ws/build/gesture_processor_node/build install --record /home/rick/Documents/MyProject/assembly_assist_ws/build/gesture_processor_node/install.log --single-version-externally-managed install_data
