running egg_info
creating ../../build/state_manager_node/state_manager_node.egg-info
writing ../../build/state_manager_node/state_manager_node.egg-info/PKG-INFO
writing dependency_links to ../../build/state_manager_node/state_manager_node.egg-info/dependency_links.txt
writing entry points to ../../build/state_manager_node/state_manager_node.egg-info/entry_points.txt
writing requirements to ../../build/state_manager_node/state_manager_node.egg-info/requires.txt
writing top-level names to ../../build/state_manager_node/state_manager_node.egg-info/top_level.txt
writing manifest file '../../build/state_manager_node/state_manager_node.egg-info/SOURCES.txt'
reading manifest file '../../build/state_manager_node/state_manager_node.egg-info/SOURCES.txt'
writing manifest file '../../build/state_manager_node/state_manager_node.egg-info/SOURCES.txt'
running build
running build_py
creating /home/rick/Documents/MyProject/assembly_assist_ws/build/state_manager_node/build
creating /home/rick/Documents/MyProject/assembly_assist_ws/build/state_manager_node/build/lib
creating /home/rick/Documents/MyProject/assembly_assist_ws/build/state_manager_node/build/lib/state_manager_node
copying state_manager_node/__init__.py -> /home/rick/Documents/MyProject/assembly_assist_ws/build/state_manager_node/build/lib/state_manager_node
copying state_manager_node/state_manager_node.py -> /home/rick/Documents/MyProject/assembly_assist_ws/build/state_manager_node/build/lib/state_manager_node
running install
running install_lib
creating /home/rick/Documents/MyProject/assembly_assist_ws/install/state_manager_node/lib/python3.10/site-packages/state_manager_node
copying /home/rick/Documents/MyProject/assembly_assist_ws/build/state_manager_node/build/lib/state_manager_node/__init__.py -> /home/rick/Documents/MyProject/assembly_assist_ws/install/state_manager_node/lib/python3.10/site-packages/state_manager_node
copying /home/rick/Documents/MyProject/assembly_assist_ws/build/state_manager_node/build/lib/state_manager_node/state_manager_node.py -> /home/rick/Documents/MyProject/assembly_assist_ws/install/state_manager_node/lib/python3.10/site-packages/state_manager_node
byte-compiling /home/rick/Documents/MyProject/assembly_assist_ws/install/state_manager_node/lib/python3.10/site-packages/state_manager_node/__init__.py to __init__.cpython-310.pyc
byte-compiling /home/rick/Documents/MyProject/assembly_assist_ws/install/state_manager_node/lib/python3.10/site-packages/state_manager_node/state_manager_node.py to state_manager_node.cpython-310.pyc
running install_data
creating /home/rick/Documents/MyProject/assembly_assist_ws/install/state_manager_node/share/ament_index
creating /home/rick/Documents/MyProject/assembly_assist_ws/install/state_manager_node/share/ament_index/resource_index
creating /home/rick/Documents/MyProject/assembly_assist_ws/install/state_manager_node/share/ament_index/resource_index/packages
copying resource/state_manager_node -> /home/rick/Documents/MyProject/assembly_assist_ws/install/state_manager_node/share/ament_index/resource_index/packages
copying package.xml -> /home/rick/Documents/MyProject/assembly_assist_ws/install/state_manager_node/share/state_manager_node
running install_egg_info
Copying ../../build/state_manager_node/state_manager_node.egg-info to /home/rick/Documents/MyProject/assembly_assist_ws/install/state_manager_node/lib/python3.10/site-packages/state_manager_node-0.0.1-py3.10.egg-info
running install_scripts
Installing state_manager_node script to /home/rick/Documents/MyProject/assembly_assist_ws/install/state_manager_node/lib/state_manager_node
writing list of installed files to '/home/rick/Documents/MyProject/assembly_assist_ws/build/state_manager_node/install.log'
