[0.474s] Invoking command in '/home/rick/Documents/MyProject/assembly_assist_ws/src/state_manager_node': PYTHONPATH=/home/rick/Documents/MyProject/assembly_assist_ws/build/state_manager_node/prefix_override:/usr/lib/python3/dist-packages/colcon_core/task/python/colcon_distutils_commands:/home/rick/Documents/MyProject/assembly_assist_ws/install/state_manager_node/lib/python3.10/site-packages:${PYTHONPATH} /usr/bin/python3 -W ignore:setup.py install is deprecated -W ignore:easy_install command is deprecated setup.py egg_info --egg-base ../../build/state_manager_node build --build-base /home/rick/Documents/MyProject/assembly_assist_ws/build/state_manager_node/build install --record /home/rick/Documents/MyProject/assembly_assist_ws/build/state_manager_node/install.log --single-version-externally-managed install_data
[0.657s] running egg_info
[0.658s] creating ../../build/state_manager_node/state_manager_node.egg-info
[0.658s] writing ../../build/state_manager_node/state_manager_node.egg-info/PKG-INFO
[0.658s] writing dependency_links to ../../build/state_manager_node/state_manager_node.egg-info/dependency_links.txt
[0.658s] writing entry points to ../../build/state_manager_node/state_manager_node.egg-info/entry_points.txt
[0.658s] writing requirements to ../../build/state_manager_node/state_manager_node.egg-info/requires.txt
[0.658s] writing top-level names to ../../build/state_manager_node/state_manager_node.egg-info/top_level.txt
[0.659s] writing manifest file '../../build/state_manager_node/state_manager_node.egg-info/SOURCES.txt'
[0.660s] reading manifest file '../../build/state_manager_node/state_manager_node.egg-info/SOURCES.txt'
[0.660s] writing manifest file '../../build/state_manager_node/state_manager_node.egg-info/SOURCES.txt'
[0.660s] running build
[0.660s] running build_py
[0.660s] creating /home/rick/Documents/MyProject/assembly_assist_ws/build/state_manager_node/build
[0.661s] creating /home/rick/Documents/MyProject/assembly_assist_ws/build/state_manager_node/build/lib
[0.661s] creating /home/rick/Documents/MyProject/assembly_assist_ws/build/state_manager_node/build/lib/state_manager_node
[0.661s] copying state_manager_node/__init__.py -> /home/rick/Documents/MyProject/assembly_assist_ws/build/state_manager_node/build/lib/state_manager_node
[0.661s] copying state_manager_node/state_manager_node.py -> /home/rick/Documents/MyProject/assembly_assist_ws/build/state_manager_node/build/lib/state_manager_node
[0.661s] running install
[0.661s] running install_lib
[0.661s] creating /home/rick/Documents/MyProject/assembly_assist_ws/install/state_manager_node/lib/python3.10/site-packages/state_manager_node
[0.662s] copying /home/rick/Documents/MyProject/assembly_assist_ws/build/state_manager_node/build/lib/state_manager_node/__init__.py -> /home/rick/Documents/MyProject/assembly_assist_ws/install/state_manager_node/lib/python3.10/site-packages/state_manager_node
[0.662s] copying /home/rick/Documents/MyProject/assembly_assist_ws/build/state_manager_node/build/lib/state_manager_node/state_manager_node.py -> /home/rick/Documents/MyProject/assembly_assist_ws/install/state_manager_node/lib/python3.10/site-packages/state_manager_node
[0.662s] byte-compiling /home/rick/Documents/MyProject/assembly_assist_ws/install/state_manager_node/lib/python3.10/site-packages/state_manager_node/__init__.py to __init__.cpython-310.pyc
[0.662s] byte-compiling /home/rick/Documents/MyProject/assembly_assist_ws/install/state_manager_node/lib/python3.10/site-packages/state_manager_node/state_manager_node.py to state_manager_node.cpython-310.pyc
[0.662s] running install_data
[0.662s] creating /home/rick/Documents/MyProject/assembly_assist_ws/install/state_manager_node/share/ament_index
[0.663s] creating /home/rick/Documents/MyProject/assembly_assist_ws/install/state_manager_node/share/ament_index/resource_index
[0.663s] creating /home/rick/Documents/MyProject/assembly_assist_ws/install/state_manager_node/share/ament_index/resource_index/packages
[0.663s] copying resource/state_manager_node -> /home/rick/Documents/MyProject/assembly_assist_ws/install/state_manager_node/share/ament_index/resource_index/packages
[0.663s] copying package.xml -> /home/rick/Documents/MyProject/assembly_assist_ws/install/state_manager_node/share/state_manager_node
[0.663s] running install_egg_info
[0.664s] Copying ../../build/state_manager_node/state_manager_node.egg-info to /home/rick/Documents/MyProject/assembly_assist_ws/install/state_manager_node/lib/python3.10/site-packages/state_manager_node-0.0.1-py3.10.egg-info
[0.665s] running install_scripts
[0.679s] Installing state_manager_node script to /home/rick/Documents/MyProject/assembly_assist_ws/install/state_manager_node/lib/state_manager_node
[0.679s] writing list of installed files to '/home/rick/Documents/MyProject/assembly_assist_ws/build/state_manager_node/install.log'
[0.698s] Invoked command in '/home/rick/Documents/MyProject/assembly_assist_ws/src/state_manager_node' returned '0': PYTHONPATH=/home/rick/Documents/MyProject/assembly_assist_ws/build/state_manager_node/prefix_override:/usr/lib/python3/dist-packages/colcon_core/task/python/colcon_distutils_commands:/home/rick/Documents/MyProject/assembly_assist_ws/install/state_manager_node/lib/python3.10/site-packages:${PYTHONPATH} /usr/bin/python3 -W ignore:setup.py install is deprecated -W ignore:easy_install command is deprecated setup.py egg_info --egg-base ../../build/state_manager_node build --build-base /home/rick/Documents/MyProject/assembly_assist_ws/build/state_manager_node/build install --record /home/rick/Documents/MyProject/assembly_assist_ws/build/state_manager_node/install.log --single-version-externally-managed install_data
