[0.007s] Invoking command in '/home/rick/Documents/MyProject/assembly_assist_ws/build/projection_node': /usr/bin/cmake /home/rick/Documents/MyProject/assembly_assist_ws/src/projection_node -DCMAKE_INSTALL_PREFIX=/home/rick/Documents/MyProject/assembly_assist_ws/install/projection_node
[0.063s] -- The C compiler identification is GNU 11.4.0
[0.107s] -- The CXX compiler identification is GNU 11.4.0
[0.114s] -- Detecting C compiler ABI info
[0.169s] -- Detecting C compiler ABI info - done
[0.175s] -- Check for working C compiler: /usr/bin/cc - skipped
[0.175s] -- Detecting C compile features
[0.175s] -- Detecting C compile features - done
[0.178s] -- Detecting CXX compiler ABI info
[0.239s] -- Detecting CXX compiler ABI info - done
[0.244s] -- Check for working CXX compiler: /usr/bin/c++ - skipped
[0.244s] -- Detecting CXX compile features
[0.245s] -- Detecting CXX compile features - done
[0.250s] -- Found ament_cmake: 1.3.11 (/opt/ros/humble/share/ament_cmake/cmake)
[0.360s] -- Found Python3: /usr/bin/python3 (found version "3.10.12") found components: Interpreter 
[0.450s] [0mCMake Error: File /home/rick/Documents/MyProject/assembly_assist_ws/src/projection_node/package.xml does not exist.[0m
[0.450s] [31mCMake Error at /opt/ros/humble/share/ament_cmake_core/cmake/core/stamp.cmake:24 (configure_file):
[0.450s]   configure_file Problem configuring file
[0.450s] Call Stack (most recent call first):
[0.450s]   /opt/ros/humble/share/ament_cmake_core/cmake/core/ament_package_xml.cmake:73 (stamp)
[0.450s]   /opt/ros/humble/share/ament_cmake_core/cmake/core/ament_package_xml.cmake:49 (_ament_package_xml)
[0.450s]   /opt/ros/humble/share/ament_cmake_python/cmake/ament_python_install_package.cmake:60 (ament_package_xml)
[0.450s]   /opt/ros/humble/share/ament_cmake_python/cmake/ament_python_install_package.cmake:39 (_ament_cmake_python_install_package)
[0.451s]   CMakeLists.txt:7 (ament_python_install_package)
[0.451s] 
[0.451s] [0m
[0.451s] [0mCMake Error: File /home/rick/Documents/MyProject/assembly_assist_ws/src/projection_node/package.xml does not exist.[0m
[0.451s] [31mCMake Error at /opt/ros/humble/share/ament_cmake_core/cmake/core/stamp.cmake:24 (configure_file):
[0.451s]   configure_file Problem configuring file
[0.451s] Call Stack (most recent call first):
[0.451s]   /opt/ros/humble/share/ament_cmake_core/cmake/core/ament_package_xml.cmake:73 (stamp)
[0.451s]   /opt/ros/humble/share/ament_cmake_core/cmake/core/ament_package_xml.cmake:49 (_ament_package_xml)
[0.451s]   /opt/ros/humble/share/ament_cmake_core/cmake/core/ament_package.cmake:63 (ament_package_xml)
[0.451s]   CMakeLists.txt:8 (ament_package)
[0.451s] 
[0.451s] [0m
[0.454s] -- Configuring incomplete, errors occurred!
[0.454s] See also "/home/rick/Documents/MyProject/assembly_assist_ws/build/projection_node/CMakeFiles/CMakeOutput.log".
[0.457s] Invoked command in '/home/rick/Documents/MyProject/assembly_assist_ws/build/projection_node' returned '1': /usr/bin/cmake /home/rick/Documents/MyProject/assembly_assist_ws/src/projection_node -DCMAKE_INSTALL_PREFIX=/home/rick/Documents/MyProject/assembly_assist_ws/install/projection_node
