running egg_info
creating ../../build/fake_camera_node/fake_camera_node.egg-info
writing ../../build/fake_camera_node/fake_camera_node.egg-info/PKG-INFO
writing dependency_links to ../../build/fake_camera_node/fake_camera_node.egg-info/dependency_links.txt
writing entry points to ../../build/fake_camera_node/fake_camera_node.egg-info/entry_points.txt
writing requirements to ../../build/fake_camera_node/fake_camera_node.egg-info/requires.txt
writing top-level names to ../../build/fake_camera_node/fake_camera_node.egg-info/top_level.txt
writing manifest file '../../build/fake_camera_node/fake_camera_node.egg-info/SOURCES.txt'
reading manifest file '../../build/fake_camera_node/fake_camera_node.egg-info/SOURCES.txt'
writing manifest file '../../build/fake_camera_node/fake_camera_node.egg-info/SOURCES.txt'
running build
running build_py
creating /home/rick/Documents/MyProject/assembly_assist_ws/build/fake_camera_node/build
creating /home/rick/Documents/MyProject/assembly_assist_ws/build/fake_camera_node/build/lib
creating /home/rick/Documents/MyProject/assembly_assist_ws/build/fake_camera_node/build/lib/fake_camera_node
copying fake_camera_node/__init__.py -> /home/rick/Documents/MyProject/assembly_assist_ws/build/fake_camera_node/build/lib/fake_camera_node
copying fake_camera_node/fake_camera_node.py -> /home/rick/Documents/MyProject/assembly_assist_ws/build/fake_camera_node/build/lib/fake_camera_node
running install
running install_lib
creating /home/rick/Documents/MyProject/assembly_assist_ws/install/fake_camera_node/lib/python3.10/site-packages/fake_camera_node
copying /home/rick/Documents/MyProject/assembly_assist_ws/build/fake_camera_node/build/lib/fake_camera_node/__init__.py -> /home/rick/Documents/MyProject/assembly_assist_ws/install/fake_camera_node/lib/python3.10/site-packages/fake_camera_node
copying /home/rick/Documents/MyProject/assembly_assist_ws/build/fake_camera_node/build/lib/fake_camera_node/fake_camera_node.py -> /home/rick/Documents/MyProject/assembly_assist_ws/install/fake_camera_node/lib/python3.10/site-packages/fake_camera_node
byte-compiling /home/rick/Documents/MyProject/assembly_assist_ws/install/fake_camera_node/lib/python3.10/site-packages/fake_camera_node/__init__.py to __init__.cpython-310.pyc
byte-compiling /home/rick/Documents/MyProject/assembly_assist_ws/install/fake_camera_node/lib/python3.10/site-packages/fake_camera_node/fake_camera_node.py to fake_camera_node.cpython-310.pyc
running install_data
creating /home/rick/Documents/MyProject/assembly_assist_ws/install/fake_camera_node/share/ament_index
creating /home/rick/Documents/MyProject/assembly_assist_ws/install/fake_camera_node/share/ament_index/resource_index
creating /home/rick/Documents/MyProject/assembly_assist_ws/install/fake_camera_node/share/ament_index/resource_index/packages
copying resource/fake_camera_node -> /home/rick/Documents/MyProject/assembly_assist_ws/install/fake_camera_node/share/ament_index/resource_index/packages
copying package.xml -> /home/rick/Documents/MyProject/assembly_assist_ws/install/fake_camera_node/share/fake_camera_node
running install_egg_info
Copying ../../build/fake_camera_node/fake_camera_node.egg-info to /home/rick/Documents/MyProject/assembly_assist_ws/install/fake_camera_node/lib/python3.10/site-packages/fake_camera_node-0.0.1-py3.10.egg-info
running install_scripts
Installing fake_camera_node script to /home/rick/Documents/MyProject/assembly_assist_ws/install/fake_camera_node/lib/fake_camera_node
writing list of installed files to '/home/rick/Documents/MyProject/assembly_assist_ws/build/fake_camera_node/install.log'
