[0.504s] Invoking command in '/home/rick/Documents/MyProject/assembly_assist_ws/src/fake_camera_node': PYTHONPATH=/home/rick/Documents/MyProject/assembly_assist_ws/build/fake_camera_node/prefix_override:/usr/lib/python3/dist-packages/colcon_core/task/python/colcon_distutils_commands:/home/rick/Documents/MyProject/assembly_assist_ws/install/fake_camera_node/lib/python3.10/site-packages:${PYTHONPATH} /usr/bin/python3 -W ignore:setup.py install is deprecated -W ignore:easy_install command is deprecated setup.py egg_info --egg-base ../../build/fake_camera_node build --build-base /home/rick/Documents/MyProject/assembly_assist_ws/build/fake_camera_node/build install --record /home/rick/Documents/MyProject/assembly_assist_ws/build/fake_camera_node/install.log --single-version-externally-managed install_data
[0.684s] running egg_info
[0.684s] creating ../../build/fake_camera_node/fake_camera_node.egg-info
[0.684s] writing ../../build/fake_camera_node/fake_camera_node.egg-info/PKG-INFO
[0.685s] writing dependency_links to ../../build/fake_camera_node/fake_camera_node.egg-info/dependency_links.txt
[0.685s] writing entry points to ../../build/fake_camera_node/fake_camera_node.egg-info/entry_points.txt
[0.685s] writing requirements to ../../build/fake_camera_node/fake_camera_node.egg-info/requires.txt
[0.685s] writing top-level names to ../../build/fake_camera_node/fake_camera_node.egg-info/top_level.txt
[0.685s] writing manifest file '../../build/fake_camera_node/fake_camera_node.egg-info/SOURCES.txt'
[0.686s] reading manifest file '../../build/fake_camera_node/fake_camera_node.egg-info/SOURCES.txt'
[0.686s] writing manifest file '../../build/fake_camera_node/fake_camera_node.egg-info/SOURCES.txt'
[0.686s] running build
[0.687s] running build_py
[0.687s] creating /home/rick/Documents/MyProject/assembly_assist_ws/build/fake_camera_node/build
[0.687s] creating /home/rick/Documents/MyProject/assembly_assist_ws/build/fake_camera_node/build/lib
[0.687s] creating /home/rick/Documents/MyProject/assembly_assist_ws/build/fake_camera_node/build/lib/fake_camera_node
[0.687s] copying fake_camera_node/__init__.py -> /home/rick/Documents/MyProject/assembly_assist_ws/build/fake_camera_node/build/lib/fake_camera_node
[0.687s] copying fake_camera_node/fake_camera_node.py -> /home/rick/Documents/MyProject/assembly_assist_ws/build/fake_camera_node/build/lib/fake_camera_node
[0.687s] running install
[0.687s] running install_lib
[0.688s] creating /home/rick/Documents/MyProject/assembly_assist_ws/install/fake_camera_node/lib/python3.10/site-packages/fake_camera_node
[0.688s] copying /home/rick/Documents/MyProject/assembly_assist_ws/build/fake_camera_node/build/lib/fake_camera_node/__init__.py -> /home/rick/Documents/MyProject/assembly_assist_ws/install/fake_camera_node/lib/python3.10/site-packages/fake_camera_node
[0.688s] copying /home/rick/Documents/MyProject/assembly_assist_ws/build/fake_camera_node/build/lib/fake_camera_node/fake_camera_node.py -> /home/rick/Documents/MyProject/assembly_assist_ws/install/fake_camera_node/lib/python3.10/site-packages/fake_camera_node
[0.688s] byte-compiling /home/rick/Documents/MyProject/assembly_assist_ws/install/fake_camera_node/lib/python3.10/site-packages/fake_camera_node/__init__.py to __init__.cpython-310.pyc
[0.688s] byte-compiling /home/rick/Documents/MyProject/assembly_assist_ws/install/fake_camera_node/lib/python3.10/site-packages/fake_camera_node/fake_camera_node.py to fake_camera_node.cpython-310.pyc
[0.689s] running install_data
[0.689s] creating /home/rick/Documents/MyProject/assembly_assist_ws/install/fake_camera_node/share/ament_index
[0.689s] creating /home/rick/Documents/MyProject/assembly_assist_ws/install/fake_camera_node/share/ament_index/resource_index
[0.689s] creating /home/rick/Documents/MyProject/assembly_assist_ws/install/fake_camera_node/share/ament_index/resource_index/packages
[0.689s] copying resource/fake_camera_node -> /home/rick/Documents/MyProject/assembly_assist_ws/install/fake_camera_node/share/ament_index/resource_index/packages
[0.689s] copying package.xml -> /home/rick/Documents/MyProject/assembly_assist_ws/install/fake_camera_node/share/fake_camera_node
[0.689s] running install_egg_info
[0.690s] Copying ../../build/fake_camera_node/fake_camera_node.egg-info to /home/rick/Documents/MyProject/assembly_assist_ws/install/fake_camera_node/lib/python3.10/site-packages/fake_camera_node-0.0.1-py3.10.egg-info
[0.691s] running install_scripts
[0.705s] Installing fake_camera_node script to /home/rick/Documents/MyProject/assembly_assist_ws/install/fake_camera_node/lib/fake_camera_node
[0.705s] writing list of installed files to '/home/rick/Documents/MyProject/assembly_assist_ws/build/fake_camera_node/install.log'
[0.724s] Invoked command in '/home/rick/Documents/MyProject/assembly_assist_ws/src/fake_camera_node' returned '0': PYTHONPATH=/home/rick/Documents/MyProject/assembly_assist_ws/build/fake_camera_node/prefix_override:/usr/lib/python3/dist-packages/colcon_core/task/python/colcon_distutils_commands:/home/rick/Documents/MyProject/assembly_assist_ws/install/fake_camera_node/lib/python3.10/site-packages:${PYTHONPATH} /usr/bin/python3 -W ignore:setup.py install is deprecated -W ignore:easy_install command is deprecated setup.py egg_info --egg-base ../../build/fake_camera_node build --build-base /home/rick/Documents/MyProject/assembly_assist_ws/build/fake_camera_node/build install --record /home/rick/Documents/MyProject/assembly_assist_ws/build/fake_camera_node/install.log --single-version-externally-managed install_data
