running egg_info
writing ../../build/gesture_processor_node/gesture_processor_node.egg-info/PKG-INFO
writing dependency_links to ../../build/gesture_processor_node/gesture_processor_node.egg-info/dependency_links.txt
writing entry points to ../../build/gesture_processor_node/gesture_processor_node.egg-info/entry_points.txt
writing requirements to ../../build/gesture_processor_node/gesture_processor_node.egg-info/requires.txt
writing top-level names to ../../build/gesture_processor_node/gesture_processor_node.egg-info/top_level.txt
reading manifest file '../../build/gesture_processor_node/gesture_processor_node.egg-info/SOURCES.txt'
writing manifest file '../../build/gesture_processor_node/gesture_processor_node.egg-info/SOURCES.txt'
running build
running build_py
copying gesture_processor_node/gesture_processor_node.py -> /home/rick/Documents/MyProject/assembly_assist_ws/build/gesture_processor_node/build/lib/gesture_processor_node
running install
running install_lib
copying /home/rick/Documents/MyProject/assembly_assist_ws/build/gesture_processor_node/build/lib/gesture_processor_node/gesture_processor_node.py -> /home/rick/Documents/MyProject/assembly_assist_ws/install/gesture_processor_node/lib/python3.10/site-packages/gesture_processor_node
byte-compiling /home/rick/Documents/MyProject/assembly_assist_ws/install/gesture_processor_node/lib/python3.10/site-packages/gesture_processor_node/gesture_processor_node.py to gesture_processor_node.cpython-310.pyc
running install_data
copying package.xml -> /home/rick/Documents/MyProject/assembly_assist_ws/install/gesture_processor_node/share/gesture_processor_node
running install_egg_info
removing '/home/rick/Documents/MyProject/assembly_assist_ws/install/gesture_processor_node/lib/python3.10/site-packages/gesture_processor_node-0.0.1-py3.10.egg-info' (and everything under it)
Copying ../../build/gesture_processor_node/gesture_processor_node.egg-info to /home/rick/Documents/MyProject/assembly_assist_ws/install/gesture_processor_node/lib/python3.10/site-packages/gesture_processor_node-0.0.1-py3.10.egg-info
running install_scripts
Installing gesture_processor_node script to /home/rick/Documents/MyProject/assembly_assist_ws/install/gesture_processor_node/lib/gesture_processor_node
writing list of installed files to '/home/rick/Documents/MyProject/assembly_assist_ws/build/gesture_processor_node/install.log'
