[0.470s] Invoking command in '/home/rick/Documents/MyProject/assembly_assist_ws/src/camera_node': PYTHONPATH=/home/rick/Documents/MyProject/assembly_assist_ws/build/camera_node/prefix_override:/usr/lib/python3/dist-packages/colcon_core/task/python/colcon_distutils_commands:/home/rick/Documents/MyProject/assembly_assist_ws/install/camera_node/lib/python3.10/site-packages:${PYTHONPATH} /usr/bin/python3 -W ignore:setup.py install is deprecated -W ignore:easy_install command is deprecated setup.py egg_info --egg-base ../../build/camera_node build --build-base /home/rick/Documents/MyProject/assembly_assist_ws/build/camera_node/build install --record /home/rick/Documents/MyProject/assembly_assist_ws/build/camera_node/install.log --single-version-externally-managed install_data
[0.652s] running egg_info
[0.653s] creating ../../build/camera_node/camera_node.egg-info
[0.653s] writing ../../build/camera_node/camera_node.egg-info/PKG-INFO
[0.653s] writing dependency_links to ../../build/camera_node/camera_node.egg-info/dependency_links.txt
[0.653s] writing entry points to ../../build/camera_node/camera_node.egg-info/entry_points.txt
[0.653s] writing requirements to ../../build/camera_node/camera_node.egg-info/requires.txt
[0.653s] writing top-level names to ../../build/camera_node/camera_node.egg-info/top_level.txt
[0.653s] writing manifest file '../../build/camera_node/camera_node.egg-info/SOURCES.txt'
[0.654s] reading manifest file '../../build/camera_node/camera_node.egg-info/SOURCES.txt'
[0.655s] writing manifest file '../../build/camera_node/camera_node.egg-info/SOURCES.txt'
[0.655s] running build
[0.655s] running build_py
[0.655s] creating /home/rick/Documents/MyProject/assembly_assist_ws/build/camera_node/build
[0.655s] creating /home/rick/Documents/MyProject/assembly_assist_ws/build/camera_node/build/lib
[0.655s] creating /home/rick/Documents/MyProject/assembly_assist_ws/build/camera_node/build/lib/camera_node
[0.655s] copying camera_node/__init__.py -> /home/rick/Documents/MyProject/assembly_assist_ws/build/camera_node/build/lib/camera_node
[0.655s] copying camera_node/camera_node.py -> /home/rick/Documents/MyProject/assembly_assist_ws/build/camera_node/build/lib/camera_node
[0.655s] running install
[0.656s] running install_lib
[0.656s] creating /home/rick/Documents/MyProject/assembly_assist_ws/install/camera_node/lib/python3.10/site-packages/camera_node
[0.656s] copying /home/rick/Documents/MyProject/assembly_assist_ws/build/camera_node/build/lib/camera_node/__init__.py -> /home/rick/Documents/MyProject/assembly_assist_ws/install/camera_node/lib/python3.10/site-packages/camera_node
[0.656s] copying /home/rick/Documents/MyProject/assembly_assist_ws/build/camera_node/build/lib/camera_node/camera_node.py -> /home/rick/Documents/MyProject/assembly_assist_ws/install/camera_node/lib/python3.10/site-packages/camera_node
[0.657s] byte-compiling /home/rick/Documents/MyProject/assembly_assist_ws/install/camera_node/lib/python3.10/site-packages/camera_node/__init__.py to __init__.cpython-310.pyc
[0.657s] byte-compiling /home/rick/Documents/MyProject/assembly_assist_ws/install/camera_node/lib/python3.10/site-packages/camera_node/camera_node.py to camera_node.cpython-310.pyc
[0.657s] running install_data
[0.657s] creating /home/rick/Documents/MyProject/assembly_assist_ws/install/camera_node/share/ament_index
[0.657s] creating /home/rick/Documents/MyProject/assembly_assist_ws/install/camera_node/share/ament_index/resource_index
[0.657s] creating /home/rick/Documents/MyProject/assembly_assist_ws/install/camera_node/share/ament_index/resource_index/packages
[0.657s] copying resource/camera_node -> /home/rick/Documents/MyProject/assembly_assist_ws/install/camera_node/share/ament_index/resource_index/packages
[0.658s] copying package.xml -> /home/rick/Documents/MyProject/assembly_assist_ws/install/camera_node/share/camera_node
[0.658s] running install_egg_info
[0.659s] Copying ../../build/camera_node/camera_node.egg-info to /home/rick/Documents/MyProject/assembly_assist_ws/install/camera_node/lib/python3.10/site-packages/camera_node-0.0.1-py3.10.egg-info
[0.660s] running install_scripts
[0.675s] Installing camera_node script to /home/rick/Documents/MyProject/assembly_assist_ws/install/camera_node/lib/camera_node
[0.675s] writing list of installed files to '/home/rick/Documents/MyProject/assembly_assist_ws/build/camera_node/install.log'
[0.696s] Invoked command in '/home/rick/Documents/MyProject/assembly_assist_ws/src/camera_node' returned '0': PYTHONPATH=/home/rick/Documents/MyProject/assembly_assist_ws/build/camera_node/prefix_override:/usr/lib/python3/dist-packages/colcon_core/task/python/colcon_distutils_commands:/home/rick/Documents/MyProject/assembly_assist_ws/install/camera_node/lib/python3.10/site-packages:${PYTHONPATH} /usr/bin/python3 -W ignore:setup.py install is deprecated -W ignore:easy_install command is deprecated setup.py egg_info --egg-base ../../build/camera_node build --build-base /home/rick/Documents/MyProject/assembly_assist_ws/build/camera_node/build install --record /home/rick/Documents/MyProject/assembly_assist_ws/build/camera_node/install.log --single-version-externally-managed install_data
