running egg_info
creating ../../build/projection_node/projection_node.egg-info
writing ../../build/projection_node/projection_node.egg-info/PKG-INFO
writing dependency_links to ../../build/projection_node/projection_node.egg-info/dependency_links.txt
writing entry points to ../../build/projection_node/projection_node.egg-info/entry_points.txt
writing requirements to ../../build/projection_node/projection_node.egg-info/requires.txt
writing top-level names to ../../build/projection_node/projection_node.egg-info/top_level.txt
writing manifest file '../../build/projection_node/projection_node.egg-info/SOURCES.txt'
reading manifest file '../../build/projection_node/projection_node.egg-info/SOURCES.txt'
writing manifest file '../../build/projection_node/projection_node.egg-info/SOURCES.txt'
running build
running build_py
creating /home/rick/Documents/MyProject/assembly_assist_ws/build/projection_node/build
creating /home/rick/Documents/MyProject/assembly_assist_ws/build/projection_node/build/lib
creating /home/rick/Documents/MyProject/assembly_assist_ws/build/projection_node/build/lib/projection_node
copying projection_node/projection_node.py -> /home/rick/Documents/MyProject/assembly_assist_ws/build/projection_node/build/lib/projection_node
copying projection_node/__init__.py -> /home/rick/Documents/MyProject/assembly_assist_ws/build/projection_node/build/lib/projection_node
running install
running install_lib
creating /home/rick/Documents/MyProject/assembly_assist_ws/install/projection_node/lib/python3.10/site-packages/projection_node
copying /home/rick/Documents/MyProject/assembly_assist_ws/build/projection_node/build/lib/projection_node/projection_node.py -> /home/rick/Documents/MyProject/assembly_assist_ws/install/projection_node/lib/python3.10/site-packages/projection_node
copying /home/rick/Documents/MyProject/assembly_assist_ws/build/projection_node/build/lib/projection_node/__init__.py -> /home/rick/Documents/MyProject/assembly_assist_ws/install/projection_node/lib/python3.10/site-packages/projection_node
byte-compiling /home/rick/Documents/MyProject/assembly_assist_ws/install/projection_node/lib/python3.10/site-packages/projection_node/projection_node.py to projection_node.cpython-310.pyc
byte-compiling /home/rick/Documents/MyProject/assembly_assist_ws/install/projection_node/lib/python3.10/site-packages/projection_node/__init__.py to __init__.cpython-310.pyc
running install_data
creating /home/rick/Documents/MyProject/assembly_assist_ws/install/projection_node/share/ament_index
creating /home/rick/Documents/MyProject/assembly_assist_ws/install/projection_node/share/ament_index/resource_index
creating /home/rick/Documents/MyProject/assembly_assist_ws/install/projection_node/share/ament_index/resource_index/packages
copying resource/projection_node -> /home/rick/Documents/MyProject/assembly_assist_ws/install/projection_node/share/ament_index/resource_index/packages
copying package.xml -> /home/rick/Documents/MyProject/assembly_assist_ws/install/projection_node/share/projection_node
running install_egg_info
Copying ../../build/projection_node/projection_node.egg-info to /home/rick/Documents/MyProject/assembly_assist_ws/install/projection_node/lib/python3.10/site-packages/projection_node-0.0.1-py3.10.egg-info
running install_scripts
Installing projection_node script to /home/rick/Documents/MyProject/assembly_assist_ws/install/projection_node/lib/projection_node
writing list of installed files to '/home/rick/Documents/MyProject/assembly_assist_ws/build/projection_node/install.log'
